<?xml version="1.0" encoding="UTF-8"?>
<testsuite xmlns:xsi="http://www.w3.org/2001/XMLSchema-instance" xsi:noNamespaceSchemaLocation="https://maven.apache.org/surefire/maven-surefire-plugin/xsd/surefire-test-report.xsd" version="3.0.2" name="cl.sys.bff.bfffsanys.BfffSanysApplicationTests" time="3.794" tests="1" errors="0" skipped="0" failures="0" flakes="0">
  <properties>
[...]
</properties>
  <testcase name="contextLoads" classname="cl.sys.bff.bfffsanys.BfffSanysApplicationTests" time="0.478">
    <system-out><![CDATA[02:21:56.799 [main] INFO org.springframework.test.context.support.AnnotationConfigContextLoaderUtils -- Could not detect default configuration classes for test class [cl.sys.bff.bfffsanys.BfffSanysApplicationTests]: BfffSanysApplicationTests does not declare any static, non-private, non-final, nested classes annotated with @Configuration.
02:21:56.873 [main] INFO org.springframework.boot.test.context.SpringBootTestContextBootstrapper -- Found @SpringBootConfiguration cl.sys.bff.bfffsanys.BfffSanysApplication for test class cl.sys.bff.bfffsanys.BfffSanysApplicationTests
02:21:56.936 [main] INFO org.springframework.test.context.support.AnnotationConfigContextLoaderUtils -- Could not detect default configuration classes for test class [cl.sys.bff.bfffsanys.BfffSanysApplicationTests]: BfffSanysApplicationTests does not declare any static, non-private, non-final, nested classes annotated with @Configuration.
02:21:56.937 [main] INFO org.springframework.boot.test.context.SpringBootTestContextBootstrapper -- Found @SpringBootConfiguration cl.sys.bff.bfffsanys.BfffSanysApplication for test class cl.sys.bff.bfffsanys.BfffSanysApplicationTests

  .   ____          _            __ _ _
 /\\ / ___'_ __ _ _(_)_ __  __ _ \ \ \ \
( ( )\___ | '_ | '_| | '_ \/ _` | \ \ \ \
 \\/  ___)| |_)| | | | | || (_| |  ) ) ) )
  '  |____| .__|_| |_|_| |_\__, | / / / /
 =========|_|==============|___/=/_/_/_/

 :: Spring Boot ::                (v4.0.6)

2026-06-21T02:21:57.382-04:00  INFO 688663 --- [bff-sanys] [           main] c.s.b.b.BfffSanysApplicationTests        : Starting BfffSanysApplicationTests using Java 21.0.10 with PID 688663 (started by danielbeltran in /home/danielbeltran/new-sanys/SanosYSalvos/bff-sanos-y-salvos)
2026-06-21T02:21:57.384-04:00  INFO 688663 --- [bff-sanys] [           main] c.s.b.b.BfffSanysApplicationTests        : No active profile set, falling back to 1 default profile: "default"
2026-06-21T02:21:58.272-04:00  INFO 688663 --- [bff-sanys] [           main] o.s.cloud.context.scope.GenericScope     : BeanFactory id=05d27c92-fece-3f28-85c5-7272068d4b18
2026-06-21T02:21:58.882-04:00 DEBUG 688663 --- [bff-sanys] [           main] swordEncoderAuthenticationManagerBuilder : No authenticationProviders and no parentAuthenticationManager defined. Returning null.
2026-06-21T02:21:59.084-04:00 DEBUG 688663 --- [bff-sanys] [           main] o.s.s.web.DefaultSecurityFilterChain     : Will secure any request with filters: DisableEncodeUrlFilter, WebAsyncManagerIntegrationFilter, SecurityContextHolderFilter, HeaderWriterFilter, LogoutFilter, OAuth2ProtectedResourceMetadataFilter, BearerTokenAuthenticationFilter, AuthenticationFilter, RequestCacheAwareFilter, SecurityContextHolderAwareRequestFilter, AnonymousAuthenticationFilter, SessionManagementFilter, ExceptionTranslationFilter, AuthorizationFilter
2026-06-21T02:21:59.540-04:00  INFO 688663 --- [bff-sanys] [           main] DiscoveryClientOptionalArgsConfiguration : Eureka HTTP Client uses RestClient.
2026-06-21T02:21:59.563-04:00  WARN 688663 --- [bff-sanys] [           main] iguration$LoadBalancerCaffeineWarnLogger : Spring Cloud LoadBalancer is currently working with the default cache. While this cache implementation is useful for development and tests, it's recommended to use Caffeine cache in production.You can switch to using Caffeine cache, by adding it and org.springframework.cache.caffeine.CaffeineCacheManager to the classpath.
2026-06-21T02:21:59.574-04:00  INFO 688663 --- [bff-sanys] [           main] o.s.b.a.e.web.EndpointLinksResolver      : Exposing 1 endpoint beneath base path '/actuator'
2026-06-21T02:21:59.613-04:00  INFO 688663 --- [bff-sanys] [           main] o.s.c.n.eureka.InstanceInfoFactory       : Setting initial instance status as: STARTING
2026-06-21T02:21:59.640-04:00  INFO 688663 --- [bff-sanys] [           main] com.netflix.discovery.DiscoveryClient    : Initializing Eureka in region us-east-1
2026-06-21T02:21:59.642-04:00  INFO 688663 --- [bff-sanys] [           main] c.n.d.s.r.aws.ConfigClusterResolver      : Resolving eureka endpoints via configuration
2026-06-21T02:21:59.648-04:00  INFO 688663 --- [bff-sanys] [           main] com.netflix.discovery.DiscoveryClient    : Disable delta property : false
2026-06-21T02:21:59.649-04:00  INFO 688663 --- [bff-sanys] [           main] com.netflix.discovery.DiscoveryClient    : Single vip registry refresh property : null
2026-06-21T02:21:59.649-04:00  INFO 688663 --- [bff-sanys] [           main] com.netflix.discovery.DiscoveryClient    : Force full registry fetch : false
2026-06-21T02:21:59.649-04:00  INFO 688663 --- [bff-sanys] [           main] com.netflix.discovery.DiscoveryClient    : Application is null : false
2026-06-21T02:21:59.649-04:00  INFO 688663 --- [bff-sanys] [           main] com.netflix.discovery.DiscoveryClient    : Registered Applications size is zero : true
2026-06-21T02:21:59.649-04:00  INFO 688663 --- [bff-sanys] [           main] com.netflix.discovery.DiscoveryClient    : Application version is -1: true
2026-06-21T02:21:59.649-04:00  INFO 688663 --- [bff-sanys] [           main] com.netflix.discovery.DiscoveryClient    : Getting all instance registry info from the eureka server
2026-06-21T02:21:59.870-04:00  INFO 688663 --- [bff-sanys] [           main] com.netflix.discovery.DiscoveryClient    : The response status is 200
2026-06-21T02:21:59.872-04:00  INFO 688663 --- [bff-sanys] [           main] com.netflix.discovery.DiscoveryClient    : Starting heartbeat executor: renew interval is: 30
2026-06-21T02:21:59.873-04:00  INFO 688663 --- [bff-sanys] [           main] c.n.discovery.InstanceInfoReplicator     : InstanceInfoReplicator onDemand update allowed rate per min is 4
2026-06-21T02:21:59.875-04:00  INFO 688663 --- [bff-sanys] [           main] com.netflix.discovery.DiscoveryClient    : Discovery Client initialized at timestamp 1782022919874 with initial instances count: 3
2026-06-21T02:21:59.877-04:00  INFO 688663 --- [bff-sanys] [           main] o.s.c.n.e.s.EurekaServiceRegistry        : Registering application BFF-SANYS with eureka with status UP
2026-06-21T02:21:59.877-04:00  INFO 688663 --- [bff-sanys] [           main] com.netflix.discovery.DiscoveryClient    : Saw local status change event StatusChangeEvent [timestamp=1782022919877, current=UP, previous=STARTING]
2026-06-21T02:21:59.878-04:00  INFO 688663 --- [bff-sanys] [foReplicator-%d] com.netflix.discovery.DiscoveryClient    : DiscoveryClient_BFF-SANYS/bff-sanys:8090: registering service...
2026-06-21T02:21:59.887-04:00  INFO 688663 --- [bff-sanys] [           main] c.s.b.b.BfffSanysApplicationTests        : Started BfffSanysApplicationTests in 2.764 seconds (process running for 3.684)
2026-06-21T02:21:59.983-04:00  INFO 688663 --- [bff-sanys] [foReplicator-%d] com.netflix.discovery.DiscoveryClient    : DiscoveryClient_BFF-SANYS/bff-sanys:8090 - registration status: 204
]]></system-out>
    <system-err><![CDATA[Mockito is currently self-attaching to enable the inline-mock-maker. This will no longer work in future releases of the JDK. Please add Mockito as an agent to your build as described in Mockito's documentation: https://javadoc.io/doc/org.mockito/mockito-core/latest/org.mockito/org/mockito/Mockito.html#0.3
WARNING: A Java agent has been loaded dynamically (/home/danielbeltran/.m2/repository/net/bytebuddy/byte-buddy-agent/1.17.8/byte-buddy-agent-1.17.8.jar)
WARNING: If a serviceability tool is in use, please run with -XX:+EnableDynamicAgentLoading to hide this warning
WARNING: If a serviceability tool is not in use, please run with -Djdk.instrument.traceUsage for more information
WARNING: Dynamic loading of agents will be disallowed by default in a future release
]]></system-err>
  </testcase>
</testsuite>