<?xml version="1.0" encoding="UTF-8"?>
<testsuite xmlns:xsi="http://www.w3.org/2001/XMLSchema-instance" xsi:noNamespaceSchemaLocation="https://maven.apache.org/surefire/maven-surefire-plugin/xsd/surefire-test-report.xsd" version="3.0.2" name="cl.sys.bff.bfffsanys.exception.GlobalExceptionHandlerTest" time="0.124" tests="2" errors="0" skipped="0" failures="0" flakes="0">
  <properties>
[...]
</properties>
  <testcase name="handleConexionException_retorna503ConMensajeGenerico" classname="cl.sys.bff.bfffsanys.exception.GlobalExceptionHandlerTest" time="0.108"/>
  <testcase name="handleMicroservicioException_propagaStatusYBodyOriginal" classname="cl.sys.bff.bfffsanys.exception.GlobalExceptionHandlerTest" time="0.006"/>
</testsuite>